<?xml version="1.0" encoding="UTF-8"?>
<!-- Generated by org.testng.reporters.JUnitReportReporter -->
<testsuite hostname="Debalinas-Air.lan" failures="0" tests="1" name="runner.TestRunner" time="5.581" errors="0" timestamp="2025-02-19T11:34:50 CST" skipped="0">
  <testcase classname="runner.TestRunner" name="runScenario" time="5.581"/>
</testsuite> <!-- runner.TestRunner -->
